[NotebookApp | WARNING] No nbgrader_config.py file found (rerun with --debug to see where nbgrader is looking)
[NotebookApp | INFO] Loading the validate_assignment nbgrader serverextension
[NotebookApp | INFO] Serving notebooks from local directory: C:\Users\hermitus\Documents\york_class\yorkBigData
[NotebookApp | INFO] 0 active kernels 
[NotebookApp | INFO] The Jupyter Notebook is running at: http://localhost:8888/?token=6e3cb40779860c82b18f537b2f70619abdcb311f053f8bbd
[NotebookApp | INFO] Use Control-C to stop this server and shut down all kernels (twice to skip confirmation).
[NotebookApp | CRITICAL] 
    
    Copy/paste this URL into your browser when you connect for the first time,
    to login with a token:
        http://localhost:8888/?token=6e3cb40779860c82b18f537b2f70619abdcb311f053f8bbd
[NotebookApp | INFO] Accepting one-time-token-authenticated connection from ::1
[NotebookApp | INFO] Kernel started: 0b7d9cef-26b7-497a-8a9d-a65789a10207
[NotebookApp | INFO] Adapting to protocol v5.1 for kernel 0b7d9cef-26b7-497a-8a9d-a65789a10207
[NotebookApp | INFO] Saving file at /assignments/01.ipynb
[NotebookApp | WARNING] No nbgrader_config.py file found. Rerun with DEBUG log level to see where nbgrader is looking.
[NotebookApp | INFO] Validating 'C:\Users\hermitus\Documents\york_class\yorkBigData\assignments\01.ipynb'
[NotebookApp | INFO] Executing notebook with kernel: python2
[NotebookApp | INFO] Saving file at /assignments/01.ipynb
[NotebookApp | INFO] Interrupted...
[NotebookApp | INFO] Shutting down kernels
[NotebookApp | INFO] Kernel shutdown: 0b7d9cef-26b7-497a-8a9d-a65789a10207
[NotebookApp | WARNING] No nbgrader_config.py file found (rerun with --debug to see where nbgrader is looking)
[NotebookApp | INFO] Loading the validate_assignment nbgrader serverextension
[NotebookApp | INFO] Serving notebooks from local directory: C:\Users\hermitus\Documents\york_class\yorkBigData
[NotebookApp | INFO] 0 active kernels 
[NotebookApp | INFO] The Jupyter Notebook is running at: http://localhost:8888/?token=41ce33ce6db32beb01748a2cedb4343d44293e60f989668b
[NotebookApp | INFO] Use Control-C to stop this server and shut down all kernels (twice to skip confirmation).
[NotebookApp | CRITICAL] 
    
    Copy/paste this URL into your browser when you connect for the first time,
    to login with a token:
        http://localhost:8888/?token=41ce33ce6db32beb01748a2cedb4343d44293e60f989668b
[NotebookApp | INFO] Accepting one-time-token-authenticated connection from ::1
[NotebookApp | WARNING] Unreadable Notebook: C:\Users\hermitus\Documents\york_class\yorkBigData\assignments\02.ipynb NotJSONError('Notebook does not appear to be JSON: u\'{\\n "cells": [\\n  {\\n   "cell_type": "...',)
[NotebookApp | WARNING] 400 GET /api/contents/assignments/02.ipynb?type=notebook&_=1509293603698 (::1) 6.00ms referer=http://localhost:8888/notebooks/assignments/02.ipynb
[NotebookApp | WARNING] Notebook assignments/02.ipynb is not trusted
[NotebookApp | INFO] Kernel started: a7b28ccc-1774-4e95-aefc-fc121e2cf1ad
[NotebookApp | INFO] Adapting to protocol v5.1 for kernel a7b28ccc-1774-4e95-aefc-fc121e2cf1ad
[NotebookApp | WARNING] 404 GET /static/components/preact/preact.min.js.map (::1) 11.00ms referer=None
[NotebookApp | WARNING] 404 GET /static/components/proptypes/index.js.map (::1) 1.00ms referer=None
[NotebookApp | WARNING] 404 GET /static/components/preact-compat/preact-compat.min.js.map (::1) 2.00ms referer=None
[NotebookApp | WARNING] Notebook assignments/02.ipynb is not trusted
[NotebookApp | INFO] Adapting to protocol v5.1 for kernel a7b28ccc-1774-4e95-aefc-fc121e2cf1ad
[NotebookApp | INFO] Interrupted...
[NotebookApp | INFO] Shutting down kernels
[NotebookApp | WARNING] No nbgrader_config.py file found (rerun with --debug to see where nbgrader is looking)
[NotebookApp | INFO] Loading the validate_assignment nbgrader serverextension
[NotebookApp | INFO] Serving notebooks from local directory: C:\Users\hermitus\Documents\york_class\yorkBigData
[NotebookApp | INFO] 0 active kernels 
[NotebookApp | INFO] The Jupyter Notebook is running at: http://localhost:8888/?token=fa5f7d6e87dc2e05c7261026997bc5110aa22ec65aa6e40d
[NotebookApp | INFO] Use Control-C to stop this server and shut down all kernels (twice to skip confirmation).
[NotebookApp | CRITICAL] 
    
    Copy/paste this URL into your browser when you connect for the first time,
    to login with a token:
        http://localhost:8888/?token=fa5f7d6e87dc2e05c7261026997bc5110aa22ec65aa6e40d
[NotebookApp | WARNING] 404 GET /api/kernels/a7b28ccc-1774-4e95-aefc-fc121e2cf1ad/channels?session_id=B539C7EC06E04BA2807DE4337B831B30 (127.0.0.1): Kernel does not exist: a7b28ccc-1774-4e95-aefc-fc121e2cf1ad
[NotebookApp | WARNING] 404 GET /api/kernels/a7b28ccc-1774-4e95-aefc-fc121e2cf1ad/channels?session_id=B539C7EC06E04BA2807DE4337B831B30 (127.0.0.1) 41.00ms referer=None
[NotebookApp | INFO] Accepting one-time-token-authenticated connection from ::1
[NotebookApp | WARNING] Replacing stale connection: a7b28ccc-1774-4e95-aefc-fc121e2cf1ad:B539C7EC06E04BA2807DE4337B831B30
[NotebookApp | WARNING] Notebook assignments/02.ipynb is not trusted
[NotebookApp | INFO] Kernel started: 3b7172ce-c3a9-4265-9261-83193b21424f
[NotebookApp | INFO] Adapting to protocol v5.1 for kernel 3b7172ce-c3a9-4265-9261-83193b21424f
[NotebookApp | INFO] Saving file at /assignments/02.ipynb
[NotebookApp | INFO] Adapting to protocol v5.1 for kernel 3b7172ce-c3a9-4265-9261-83193b21424f
[NotebookApp | INFO] Saving file at /assignments/02.ipynb
[NotebookApp | WARNING] Replacing stale connection: a7b28ccc-1774-4e95-aefc-fc121e2cf1ad:B539C7EC06E04BA2807DE4337B831B30
[NotebookApp | INFO] Saving file at /assignments/02.ipynb
[NotebookApp | WARNING] Replacing stale connection: a7b28ccc-1774-4e95-aefc-fc121e2cf1ad:B539C7EC06E04BA2807DE4337B831B30
[NotebookApp | WARNING] Replacing stale connection: a7b28ccc-1774-4e95-aefc-fc121e2cf1ad:B539C7EC06E04BA2807DE4337B831B30
[NotebookApp | WARNING] Replacing stale connection: a7b28ccc-1774-4e95-aefc-fc121e2cf1ad:B539C7EC06E04BA2807DE4337B831B30
[NotebookApp | WARNING] Replacing stale connection: a7b28ccc-1774-4e95-aefc-fc121e2cf1ad:B539C7EC06E04BA2807DE4337B831B30
[NotebookApp | WARNING] 404 GET /static/components/preact/preact.min.js.map (::1) 8.00ms referer=None
[NotebookApp | WARNING] 404 GET /static/components/preact-compat/preact-compat.min.js.map (::1) 2.00ms referer=None
[NotebookApp | WARNING] 404 GET /static/components/proptypes/index.js.map (::1) 3.00ms referer=None
[NotebookApp | INFO] Adapting to protocol v5.1 for kernel 3b7172ce-c3a9-4265-9261-83193b21424f
[NotebookApp | WARNING] Notebook assignments/03.ipynb is not trusted
[NotebookApp | INFO] Kernel started: 3c15364f-3187-46a7-954f-28083f15048c
[NotebookApp | INFO] Adapting to protocol v5.1 for kernel 3c15364f-3187-46a7-954f-28083f15048c
[NotebookApp | WARNING] Notebook assignments/03.ipynb is not trusted
[NotebookApp | INFO] Adapting to protocol v5.1 for kernel 3c15364f-3187-46a7-954f-28083f15048c
[NotebookApp | INFO] Interrupted...
[NotebookApp | INFO] Shutting down kernels
[NotebookApp | INFO] Kernel shutdown: 3b7172ce-c3a9-4265-9261-83193b21424f
[NotebookApp | INFO] Kernel shutdown: 3c15364f-3187-46a7-954f-28083f15048c
[NotebookApp | WARNING] No nbgrader_config.py file found (rerun with --debug to see where nbgrader is looking)
[NotebookApp | INFO] Loading the validate_assignment nbgrader serverextension
[NotebookApp | INFO] Serving notebooks from local directory: C:\Users\hermitus\Documents\york_class\yorkBigData
[NotebookApp | INFO] 0 active kernels 
[NotebookApp | INFO] The Jupyter Notebook is running at: http://localhost:8888/?token=a2b8b32e9f7e3451031c4eb7bbe0185e631975bfebef4339
[NotebookApp | INFO] Use Control-C to stop this server and shut down all kernels (twice to skip confirmation).
[NotebookApp | CRITICAL] 
    
    Copy/paste this URL into your browser when you connect for the first time,
    to login with a token:
        http://localhost:8888/?token=a2b8b32e9f7e3451031c4eb7bbe0185e631975bfebef4339
[NotebookApp | WARNING] 404 GET /api/kernels/3b7172ce-c3a9-4265-9261-83193b21424f/channels?session_id=EFCA9D488FC842AA8461D7C09D383ACB (::1): Kernel does not exist: 3b7172ce-c3a9-4265-9261-83193b21424f
[NotebookApp | WARNING] 404 GET /api/kernels/3b7172ce-c3a9-4265-9261-83193b21424f/channels?session_id=EFCA9D488FC842AA8461D7C09D383ACB (::1) 39.00ms referer=None
[NotebookApp | INFO] Accepting one-time-token-authenticated connection from ::1
[NotebookApp | WARNING] 404 GET /api/kernels/3b7172ce-c3a9-4265-9261-83193b21424f/channels?session_id=6D4E29D8377347D0806F86545C1EF795 (::1): Kernel does not exist: 3b7172ce-c3a9-4265-9261-83193b21424f
[NotebookApp | WARNING] 404 GET /api/kernels/3b7172ce-c3a9-4265-9261-83193b21424f/channels?session_id=6D4E29D8377347D0806F86545C1EF795 (::1) 6.00ms referer=None
[NotebookApp | WARNING] 404 GET /api/kernels/3c15364f-3187-46a7-954f-28083f15048c/channels?session_id=AC63AE6C46A14DA2A07090663DDE93D2 (::1): Kernel does not exist: 3c15364f-3187-46a7-954f-28083f15048c
[NotebookApp | WARNING] 404 GET /api/kernels/3c15364f-3187-46a7-954f-28083f15048c/channels?session_id=AC63AE6C46A14DA2A07090663DDE93D2 (::1) 7.00ms referer=None
[NotebookApp | WARNING] Notebook assignments/03.ipynb is not trusted
[NotebookApp | WARNING] 404 GET /api/kernels/3c15364f-3187-46a7-954f-28083f15048c/channels?session_id=68DD9BB011A743FD8EC38B0EE130FC20 (::1): Kernel does not exist: 3c15364f-3187-46a7-954f-28083f15048c
[NotebookApp | WARNING] 404 GET /api/kernels/3c15364f-3187-46a7-954f-28083f15048c/channels?session_id=68DD9BB011A743FD8EC38B0EE130FC20 (::1) 5.00ms referer=None
[NotebookApp | INFO] Kernel started: e0cfb5f1-574f-4539-a17e-71e6f266212c
[NotebookApp | INFO] Adapting to protocol v5.1 for kernel e0cfb5f1-574f-4539-a17e-71e6f266212c
[NotebookApp | WARNING] Replacing stale connection: 3b7172ce-c3a9-4265-9261-83193b21424f:EFCA9D488FC842AA8461D7C09D383ACB
[NotebookApp | WARNING] Replacing stale connection: 3c15364f-3187-46a7-954f-28083f15048c:68DD9BB011A743FD8EC38B0EE130FC20
[NotebookApp | INFO] Saving file at /assignments/03.ipynb
[NotebookApp | WARNING] Replacing stale connection: 3b7172ce-c3a9-4265-9261-83193b21424f:EFCA9D488FC842AA8461D7C09D383ACB
[NotebookApp | WARNING] Notebook assignments/04.ipynb is not trusted
[NotebookApp | INFO] Kernel started: d4fa14d6-b394-40ce-87d1-277c733b3336
[NotebookApp | INFO] Adapting to protocol v5.1 for kernel d4fa14d6-b394-40ce-87d1-277c733b3336
[NotebookApp | INFO] Saving file at /assignments/04.ipynb
[NotebookApp | INFO] Adapting to protocol v5.1 for kernel d4fa14d6-b394-40ce-87d1-277c733b3336
[NotebookApp | INFO] Kernel started: c600f3c5-f702-42be-9c08-e28b94104995
[NotebookApp | INFO] Adapting to protocol v5.1 for kernel c600f3c5-f702-42be-9c08-e28b94104995
[NotebookApp | WARNING] Replacing stale connection: 3c15364f-3187-46a7-954f-28083f15048c:68DD9BB011A743FD8EC38B0EE130FC20
[NotebookApp | WARNING] Notebook assignments/05.ipynb is not trusted
[NotebookApp | INFO] Kernel started: 8ac48b59-ac46-4b1d-8aac-f6fe968e7501
[NotebookApp | INFO] Adapting to protocol v5.1 for kernel 8ac48b59-ac46-4b1d-8aac-f6fe968e7501
[NotebookApp | INFO] Kernel started: f98beb03-86fd-4e78-a259-ffcc928ad58b
[NotebookApp | INFO] Adapting to protocol v5.1 for kernel f98beb03-86fd-4e78-a259-ffcc928ad58b
[NotebookApp | INFO] Saving file at /assignments/05.ipynb
[NotebookApp | INFO] Adapting to protocol v5.1 for kernel 8ac48b59-ac46-4b1d-8aac-f6fe968e7501
[NotebookApp | INFO] Saving file at /assignments/04.ipynb
[NotebookApp | INFO] Adapting to protocol v5.1 for kernel e0cfb5f1-574f-4539-a17e-71e6f266212c
[NotebookApp | INFO] Saving file at /assignments/05.ipynb
[NotebookApp | INFO] Saving file at /assignments/03.ipynb
[NotebookApp | INFO] Saving file at /assignments/05.ipynb
[NotebookApp | INFO] 302 GET / (::1) 1.00ms
[NotebookApp | INFO] Interrupted...
[NotebookApp | INFO] Shutting down kernels
[NotebookApp | INFO] Kernel shutdown: c600f3c5-f702-42be-9c08-e28b94104995
[NotebookApp | INFO] Kernel shutdown: f98beb03-86fd-4e78-a259-ffcc928ad58b
[NotebookApp | INFO] Kernel shutdown: d4fa14d6-b394-40ce-87d1-277c733b3336
[NotebookApp | INFO] Kernel shutdown: e0cfb5f1-574f-4539-a17e-71e6f266212c
[NotebookApp | INFO] Kernel shutdown: 8ac48b59-ac46-4b1d-8aac-f6fe968e7501
[NotebookApp | WARNING] No nbgrader_config.py file found (rerun with --debug to see where nbgrader is looking)
[NotebookApp | INFO] Loading the validate_assignment nbgrader serverextension
[NotebookApp | INFO] Serving notebooks from local directory: C:\Users\hermitus\Documents\york_class\yorkBigData
[NotebookApp | INFO] 0 active kernels 
[NotebookApp | INFO] The Jupyter Notebook is running at: http://localhost:8889/?token=5bdde72a19aafa04bc498a7fc2db5a6daf67683939d9b7eb
[NotebookApp | INFO] Use Control-C to stop this server and shut down all kernels (twice to skip confirmation).
[NotebookApp | CRITICAL] 
    
    Copy/paste this URL into your browser when you connect for the first time,
    to login with a token:
        http://localhost:8889/?token=5bdde72a19aafa04bc498a7fc2db5a6daf67683939d9b7eb
[NotebookApp | INFO] Accepting one-time-token-authenticated connection from ::1
[NotebookApp | INFO] Interrupted...
[NotebookApp | INFO] Shutting down kernels
